<?xml version="1.0" encoding="UTF-8"?>
<!-- Generated by org.testng.reporters.JUnitReportReporter -->
<testsuite hostname="Avneesh" failures="0" tests="2" name="practice.practice.AddNumber" time="0.029" errors="0" timestamp="2024-04-19T15:44:49 IST" skipped="0">
  <testcase classname="practice.practice.AddNumber" name="sub" time="0.025"/>
  <system-out/>
  <testcase classname="practice.practice.AddNumber" name="add" time="0.004"/>
  <system-out/>
</testsuite> <!-- practice.practice.AddNumber -->
