<?xml version="1.0" encoding="UTF-8"?>
<!-- Generated by org.testng.reporters.JUnitReportReporter -->
<testsuite hostname="Avneesh" failures="0" tests="1" name="practice.practice.YoutubePractice" time="20.862" errors="0" timestamp="2024-04-19T16:12:49 IST" skipped="0">
  <testcase classname="practice.practice.YoutubePractice" name="enterDataInSearchTextField" time="20.862"/>
  <system-out/>
</testsuite> <!-- practice.practice.YoutubePractice -->
