<?xml version="1.0" encoding="UTF-8"?>
<!-- Generated by org.testng.reporters.JUnitReportReporter -->
<testsuite hostname="Avneesh" failures="0" tests="1" name="interviews.Practice" time="0.027" errors="0" timestamp="2024-04-25T12:41:00 IST" skipped="0">
  <testcase classname="interviews.Practice" name="practice" time="0.027"/>
  <system-out/>
</testsuite> <!-- interviews.Practice -->
